time=2024-08-10T19:51:27.189+05:00 level=ERROR msg="Registerda bazdaga qushishda xatolik: pq: column \"updated_at\" is of type timestamp with time zone but expression is of type integer"
time=2024-08-10T19:51:27.190+05:00 level=ERROR msg="Register serviceda xatolik: pq: column \"updated_at\" is of type timestamp with time zone but expression is of type integer"
time=2024-08-10T19:51:27.190+05:00 level=ERROR msg="Foydalanuvchi malumotlarni bazga yuborishda xatolik: rpc error: code = Unknown desc = pq: column \"updated_at\" is of type timestamp with time zone but expression is of type integer"
time=2024-08-10T19:53:05.516+05:00 level=ERROR msg="Registerda bazdaga qushishda xatolik: pq: date/time field value out of range: \"15-04-2005\""
time=2024-08-10T19:53:05.516+05:00 level=ERROR msg="Register serviceda xatolik: pq: date/time field value out of range: \"15-04-2005\""
time=2024-08-10T19:53:05.516+05:00 level=ERROR msg="Foydalanuvchi malumotlarni bazga yuborishda xatolik: rpc error: code = Unknown desc = pq: date/time field value out of range: \"15-04-2005\""
time=2024-08-10T19:54:22.347+05:00 level=ERROR msg="Email buyicha xatolik: sql: Scan error on column index 0, name \"id\": destination not a pointer"
time=2024-08-10T19:54:22.347+05:00 level=ERROR msg="GetBy User Email service da xatolik: sql: Scan error on column index 0, name \"id\": destination not a pointer"
time=2024-08-10T19:54:22.349+05:00 level=ERROR msg="GetbyUserda xatolik: rpc error: code = Unknown desc = sql: Scan error on column index 0, name \"id\": destination not a pointer"
time=2024-08-10T19:59:21.792+05:00 level=ERROR msg="Refresh token ni bazaga qushishda xatolik: pq: syntax error at or near \"$2\""
time=2024-08-10T19:59:52.460+05:00 level=ERROR msg="Logout user service da xatolik: pq: relation \"reflesh_tokens\" does not exist"
time=2024-08-10T19:59:52.461+05:00 level=ERROR msg="Tokenni logout qilishda xatolik: rpc error: code = Unknown desc = pq: relation \"reflesh_tokens\" does not exist"
time=2024-08-10T20:03:51.073+05:00 level=ERROR msg="Logout user service da xatolik: pq: column \"token\" does not exist"
time=2024-08-10T20:03:51.074+05:00 level=ERROR msg="Tokenni logout qilishda xatolik: rpc error: code = Unknown desc = pq: column \"token\" does not exist"
time=2024-08-10T20:04:08.140+05:00 level=ERROR msg="Logout user service da xatolik: pq: column \"token\" does not exist"
time=2024-08-10T20:04:08.140+05:00 level=ERROR msg="Tokenni logout qilishda xatolik: rpc error: code = Unknown desc = pq: column \"token\" does not exist"
time=2024-08-10T20:05:26.981+05:00 level=ERROR msg="Email buyicha xatolik: sql: no rows in result set"
time=2024-08-10T20:05:26.981+05:00 level=ERROR msg="GetUserProfile service da xatolik: sql: no rows in result set"
time=2024-08-10T20:05:26.981+05:00 level=ERROR msg="Foydalanuvchi malumotlarni bazadan olishda xatolik: rpc error: code = Unknown desc = sql: no rows in result set"
time=2024-08-10T20:07:28.103+05:00 level=ERROR msg="Email buyicha xatolik: sql: no rows in result set"
time=2024-08-10T20:07:28.103+05:00 level=ERROR msg="GetUserProfile service da xatolik: sql: no rows in result set"
time=2024-08-10T20:07:28.103+05:00 level=ERROR msg="Foydalanuvchi malumotlarni bazadan olishda xatolik: rpc error: code = Unknown desc = sql: no rows in result set"
time=2024-08-10T20:14:52.831+05:00 level=ERROR msg="Email bo'yicha hech qanday yozuv topilmadi: "
time=2024-08-10T20:14:52.832+05:00 level=ERROR msg="GetUserProfile service da xatolik: no user found with email: "
time=2024-08-10T20:14:52.832+05:00 level=ERROR msg="Foydalanuvchi malumotlarni bazadan olishda xatolik: rpc error: code = Unknown desc = no user found with email: "
time=2024-08-10T20:18:11.578+05:00 level=ERROR msg="Email bo'yicha hech qanday yozuv topilmadi: "
time=2024-08-10T20:18:11.578+05:00 level=ERROR msg="GetUserProfile service da xatolik: no user found with email: "
time=2024-08-10T20:18:11.578+05:00 level=ERROR msg="Foydalanuvchi malumotlarni bazadan olishda xatolik: rpc error: code = Unknown desc = no user found with email: "
time=2024-08-10T20:20:05.855+05:00 level=ERROR msg="Email buyicha xatolik: sql: no rows in result set"
time=2024-08-10T20:20:05.855+05:00 level=ERROR msg="GetUserProfile service da xatolik: sql: no rows in result set"
time=2024-08-10T20:20:05.856+05:00 level=ERROR msg="Foydalanuvchi malumotlarni bazadan olishda xatolik: rpc error: code = Unknown desc = sql: no rows in result set"
time=2024-08-10T20:21:25.648+05:00 level=ERROR msg="Email buyicha xatolik: sql: no rows in result set"
time=2024-08-10T20:21:25.649+05:00 level=ERROR msg="GetUserProfile service da xatolik: sql: no rows in result set"
time=2024-08-10T20:21:25.649+05:00 level=ERROR msg="Foydalanuvchi malumotlarni bazadan olishda xatolik: rpc error: code = Unknown desc = sql: no rows in result set"
time=2024-08-10T20:25:43.358+05:00 level=ERROR msg="Email buyicha xatolik: sql: no rows in result set"
time=2024-08-10T20:25:43.358+05:00 level=ERROR msg="GetBy User Email service da xatolik: sql: no rows in result set"
time=2024-08-10T20:25:43.359+05:00 level=ERROR msg="GetByUserda xatolik: rpc error: code = Unknown desc = sql: no rows in result set"
time=2024-08-10T20:26:03.942+05:00 level=INFO msg="SIGNING_KEY muvaffaqiyatli yangilandi"
time=2024-08-10T20:27:01.089+05:00 level=ERROR msg="Refresh token ni bazaga qushishda xatolik: pq: syntax error at or near \"$2\""
time=2024-08-10T23:06:44.787+05:00 level=ERROR msg="Email buyicha xatolik: sql: no rows in result set"
time=2024-08-10T23:06:44.788+05:00 level=ERROR msg="GetBy User Email service da xatolik: sql: no rows in result set"
time=2024-08-10T23:06:44.788+05:00 level=ERROR msg="GetByUserda xatolik: rpc error: code = Unknown desc = sql: no rows in result set"
